<?xml version="1.0" encoding="UTF-8"?>
<testsuite name="CharacterResourceTests" tests="4" skipped="0" failures="0" errors="0" timestamp="2022-04-27T04:46:49" hostname="DESKTOP-HGE0TML" time="0.005">
  <properties/>
  <testcase name="testSettingCurrentValue" classname="CharacterResourceTests" time="0.004"/>
  <testcase name="testCreation" classname="CharacterResourceTests" time="0.0"/>
  <testcase name="testSettingMaxValue" classname="CharacterResourceTests" time="0.0"/>
  <testcase name="testCreationWithStarting" classname="CharacterResourceTests" time="0.0"/>
  <system-out><![CDATA[]]></system-out>
  <system-err><![CDATA[]]></system-err>
</testsuite>
